Flow report for Resolucao_exercicios_6
Thu Sep 08 18:22:15 2022
Quartus Prime Version 20.1.0 Build 711 06/05/2020 SJ Lite Edition


---------------------
; Table of Contents ;
---------------------
  1. Legal Notice
  2. Flow Summary
  3. Flow Settings
  4. Flow Non-Default Global Settings
  5. Flow Elapsed Time
  6. Flow OS Summary
  7. Flow Log
  8. Flow Messages
  9. Flow Suppressed Messages



----------------
; Legal Notice ;
----------------
Copyright (C) 2020  Intel Corporation. All rights reserved.
Your use of Intel Corporation's design tools, logic functions 
and other software and tools, and any partner logic 
functions, and any output files from any of the foregoing 
(including device programming or simulation files), and any 
associated documentation or information are expressly subject 
to the terms and conditions of the Intel Program License 
Subscription Agreement, the Intel Quartus Prime License Agreement,
the Intel FPGA IP License Agreement, or other applicable license
agreement, including, without limitation, that your use is for
the sole purpose of programming logic devices manufactured by
Intel and sold by Intel or its authorized distributors.  Please
refer to the applicable agreement for further details, at
https://fpgasoftware.intel.com/eula.



+----------------------------------------------------------------------------------+
; Flow Summary                                                                     ;
+------------------------------------+---------------------------------------------+
; Flow Status                        ; Successful - Thu Sep 08 18:22:15 2022       ;
; Quartus Prime Version              ; 20.1.0 Build 711 06/05/2020 SJ Lite Edition ;
; Revision Name                      ; Resolucao_exercicios_6                      ;
; Top-level Entity Name              ; ex_6_3                                      ;
; Family                             ; Cyclone IV E                                ;
; Device                             ; EP4CE22F17C6                                ;
; Timing Models                      ; Final                                       ;
; Total logic elements               ; 1 / 22,320 ( < 1 % )                        ;
;     Total combinational functions  ; 1 / 22,320 ( < 1 % )                        ;
;     Dedicated logic registers      ; 0 / 22,320 ( 0 % )                          ;
; Total registers                    ; 0                                           ;
; Total pins                         ; 5 / 154 ( 3 % )                             ;
; Total virtual pins                 ; 0                                           ;
; Total memory bits                  ; 0 / 608,256 ( 0 % )                         ;
; Embedded Multiplier 9-bit elements ; 0 / 132 ( 0 % )                             ;
; Total PLLs                         ; 0 / 4 ( 0 % )                               ;
+------------------------------------+---------------------------------------------+


+--------------------------------------------+
; Flow Settings                              ;
+-------------------+------------------------+
; Option            ; Setting                ;
+-------------------+------------------------+
; Start date & time ; 09/08/2022 18:20:20    ;
; Main task         ; Compilation            ;
; Revision Name     ; Resolucao_exercicios_6 ;
+-------------------+------------------------+


+---------------------------------------------------------------------------------------------------------------------------------------------------------+
; Flow Non-Default Global Settings                                                                                                                        ;
+-------------------------------------+----------------------------------------+------------------------+-------------+-----------------------------------+
; Assignment Name                     ; Value                                  ; Default Value          ; Entity Name ; Section Id                        ;
+-------------------------------------+----------------------------------------+------------------------+-------------+-----------------------------------+
; COMPILER_SIGNATURE_ID               ; 75519091774914.166267202001056         ; --                     ; --          ; --                                ;
; EDA_GENERATE_FUNCTIONAL_NETLIST     ; Off                                    ; --                     ; --          ; eda_board_design_timing           ;
; EDA_GENERATE_FUNCTIONAL_NETLIST     ; Off                                    ; --                     ; --          ; eda_board_design_boundary_scan    ;
; EDA_GENERATE_FUNCTIONAL_NETLIST     ; Off                                    ; --                     ; --          ; eda_board_design_signal_integrity ;
; EDA_GENERATE_FUNCTIONAL_NETLIST     ; Off                                    ; --                     ; --          ; eda_board_design_symbol           ;
; EDA_OUTPUT_DATA_FORMAT              ; Vhdl                                   ; --                     ; --          ; eda_simulation                    ;
; EDA_SIMULATION_TOOL                 ; ModelSim-Altera (VHDL)                 ; <None>                 ; --          ; --                                ;
; EDA_TIME_SCALE                      ; 1 ps                                   ; --                     ; --          ; eda_simulation                    ;
; MAX_CORE_JUNCTION_TEMP              ; 85                                     ; --                     ; --          ; --                                ;
; MIN_CORE_JUNCTION_TEMP              ; 0                                      ; --                     ; --          ; --                                ;
; NOMINAL_CORE_SUPPLY_VOLTAGE         ; 1.2V                                   ; --                     ; --          ; --                                ;
; PARTITION_COLOR                     ; -- (Not supported for targeted family) ; --                     ; ex_6_3      ; Top                               ;
; PARTITION_FITTER_PRESERVATION_LEVEL ; -- (Not supported for targeted family) ; --                     ; ex_6_3      ; Top                               ;
; PARTITION_NETLIST_TYPE              ; -- (Not supported for targeted family) ; --                     ; ex_6_3      ; Top                               ;
; PROJECT_OUTPUT_DIRECTORY            ; output_files                           ; --                     ; --          ; --                                ;
; TOP_LEVEL_ENTITY                    ; ex_6_3                                 ; Resolucao_exercicios_6 ; --          ; --                                ;
+-------------------------------------+----------------------------------------+------------------------+-------------+-----------------------------------+


+--------------------------------------------------------------------------------------------------------------------------+
; Flow Elapsed Time                                                                                                        ;
+----------------------+--------------+-------------------------+---------------------+------------------------------------+
; Module Name          ; Elapsed Time ; Average Processors Used ; Peak Virtual Memory ; Total CPU Time (on all processors) ;
+----------------------+--------------+-------------------------+---------------------+------------------------------------+
; Analysis & Synthesis ; 00:00:09     ; 1.0                     ; 4774 MB             ; 00:00:22                           ;
; Fitter               ; 00:00:04     ; 1.0                     ; 5507 MB             ; 00:00:05                           ;
; Assembler            ; 00:00:01     ; 1.0                     ; 4683 MB             ; 00:00:01                           ;
; Timing Analyzer      ; 00:00:01     ; 1.0                     ; 4785 MB             ; 00:00:01                           ;
; EDA Netlist Writer   ; 00:00:00     ; 1.0                     ; 4640 MB             ; 00:00:00                           ;
; EDA Netlist Writer   ; 00:00:01     ; 1.0                     ; 4629 MB             ; 00:00:00                           ;
; EDA Netlist Writer   ; 00:00:01     ; 1.0                     ; 4638 MB             ; 00:00:00                           ;
; Total                ; 00:00:17     ; --                      ; --                  ; 00:00:29                           ;
+----------------------+--------------+-------------------------+---------------------+------------------------------------+


+------------------------------------------------------------------------------------+
; Flow OS Summary                                                                    ;
+----------------------+------------------+------------+------------+----------------+
; Module Name          ; Machine Hostname ; OS Name    ; OS Version ; Processor type ;
+----------------------+------------------+------------+------------+----------------+
; Analysis & Synthesis ; DESKTOP-O212UUR  ; Windows 10 ; 10.0       ; x86_64         ;
; Fitter               ; DESKTOP-O212UUR  ; Windows 10 ; 10.0       ; x86_64         ;
; Assembler            ; DESKTOP-O212UUR  ; Windows 10 ; 10.0       ; x86_64         ;
; Timing Analyzer      ; DESKTOP-O212UUR  ; Windows 10 ; 10.0       ; x86_64         ;
; EDA Netlist Writer   ; DESKTOP-O212UUR  ; Windows 10 ; 10.0       ; x86_64         ;
; EDA Netlist Writer   ; DESKTOP-O212UUR  ; Windows 10 ; 10.0       ; x86_64         ;
; EDA Netlist Writer   ; DESKTOP-O212UUR  ; Windows 10 ; 10.0       ; x86_64         ;
+----------------------+------------------+------------+------------+----------------+


------------
; Flow Log ;
------------
quartus_map --read_settings_files=on --write_settings_files=off Resolucao_exercicios_6 -c Resolucao_exercicios_6
quartus_fit --read_settings_files=off --write_settings_files=off Resolucao_exercicios_6 -c Resolucao_exercicios_6
quartus_asm --read_settings_files=off --write_settings_files=off Resolucao_exercicios_6 -c Resolucao_exercicios_6
quartus_sta Resolucao_exercicios_6 -c Resolucao_exercicios_6
quartus_eda --read_settings_files=off --write_settings_files=off Resolucao_exercicios_6 -c Resolucao_exercicios_6
quartus_eda --gen_testbench --tool=modelsim_oem --format=vhdl --write_settings_files=off Resolucao_exercicios_6 -c Resolucao_exercicios_6 --vector_source=C:/Users/JULIUS/OneDrive/Faculdade/Programacao/Quarto_Periodo/Laboratorio_Sistemas_Digitais/Estudo-LSD/Exercicios_6/Waveform3.vwf --testbench_file=C:/Users/JULIUS/OneDrive/Faculdade/Programacao/Quarto_Periodo/Laboratorio_Sistemas_Digitais/Estudo-LSD/Exercicios_6/simulation/qsim/Waveform3.vwf.vht
quartus_eda --write_settings_files=off --simulation=on --functional=on --flatten_buses=off --tool=modelsim_oem --format=vhdl --output_directory=C:/Users/JULIUS/OneDrive/Faculdade/Programacao/Quarto_Periodo/Laboratorio_Sistemas_Digitais/Estudo-LSD/Exercicios_6/simulation/qsim/ Resolucao_exercicios_6 -c Resolucao_exercicios_6



